1691661761.452110 client started (3275838): version 3.0a, socket /tmp/tmux-5092/default, protocol 8
1691661761.452128 on Linux 5.13.0-35-generic #40~20.04.1-Ubuntu SMP Mon Mar 7 09:18:32 UTC 2022; libevent 2.1.11-stable (poll)
1691661761.452135 socket is /tmp/tmux-5092/default
1691661761.452140 trying connect
1691661761.452176 add peer 0x560e253dac00: 6 ((nil))
1691661761.452217 sending message 100 to peer 0x560e253dac00 (4 bytes)
1691661761.452221 sending message 101 to peer 0x560e253dac00 (15 bytes)
1691661761.452223 sending message 102 to peer 0x560e253dac00 (12 bytes)
1691661761.452225 sending message 108 to peer 0x560e253dac00 (31 bytes)
1691661761.452227 sending message 104 to peer 0x560e253dac00 (0 bytes)
1691661761.452229 sending message 107 to peer 0x560e253dac00 (4 bytes)
1691661761.452232 sending message 105 to peer 0x560e253dac00 (48 bytes)
1691661761.452234 sending message 105 to peer 0x560e253dac00 (56 bytes)
1691661761.452236 sending message 105 to peer 0x560e253dac00 (14 bytes)
1691661761.452238 sending message 105 to peer 0x560e253dac00 (54 bytes)
1691661761.452240 sending message 105 to peer 0x560e253dac00 (43 bytes)
1691661761.452242 sending message 105 to peer 0x560e253dac00 (25 bytes)
1691661761.452244 sending message 105 to peer 0x560e253dac00 (171 bytes)
1691661761.452246 sending message 105 to peer 0x560e253dac00 (189 bytes)
1691661761.452247 sending message 105 to peer 0x560e253dac00 (17 bytes)
1691661761.452249 sending message 105 to peer 0x560e253dac00 (21 bytes)
1691661761.452251 sending message 105 to peer 0x560e253dac00 (22 bytes)
1691661761.452253 sending message 105 to peer 0x560e253dac00 (16 bytes)
1691661761.452255 sending message 105 to peer 0x560e253dac00 (32 bytes)
1691661761.452257 sending message 105 to peer 0x560e253dac00 (35 bytes)
1691661761.452258 sending message 105 to peer 0x560e253dac00 (17 bytes)
1691661761.452260 sending message 105 to peer 0x560e253dac00 (18 bytes)
1691661761.452262 sending message 105 to peer 0x560e253dac00 (24 bytes)
1691661761.452264 sending message 105 to peer 0x560e253dac00 (24 bytes)
1691661761.452266 sending message 105 to peer 0x560e253dac00 (21 bytes)
1691661761.452267 sending message 105 to peer 0x560e253dac00 (21 bytes)
1691661761.452269 sending message 105 to peer 0x560e253dac00 (24 bytes)
1691661761.452275 sending message 105 to peer 0x560e253dac00 (13 bytes)
1691661761.452277 sending message 105 to peer 0x560e253dac00 (94 bytes)
1691661761.452279 sending message 105 to peer 0x560e253dac00 (42 bytes)
1691661761.452281 sending message 105 to peer 0x560e253dac00 (15 bytes)
1691661761.452283 sending message 105 to peer 0x560e253dac00 (33 bytes)
1691661761.452285 sending message 105 to peer 0x560e253dac00 (12 bytes)
1691661761.452286 sending message 105 to peer 0x560e253dac00 (11 bytes)
1691661761.452288 sending message 105 to peer 0x560e253dac00 (724 bytes)
1691661761.452291 sending message 105 to peer 0x560e253dac00 (35 bytes)
1691661761.452292 sending message 105 to peer 0x560e253dac00 (19 bytes)
1691661761.452294 sending message 105 to peer 0x560e253dac00 (8 bytes)
1691661761.452296 sending message 105 to peer 0x560e253dac00 (30 bytes)
1691661761.452298 sending message 105 to peer 0x560e253dac00 (44 bytes)
1691661761.452300 sending message 105 to peer 0x560e253dac00 (19 bytes)
1691661761.452302 sending message 105 to peer 0x560e253dac00 (20 bytes)
1691661761.452304 sending message 105 to peer 0x560e253dac00 (38 bytes)
1691661761.452306 sending message 105 to peer 0x560e253dac00 (14 bytes)
1691661761.452308 sending message 105 to peer 0x560e253dac00 (51 bytes)
1691661761.452310 sending message 105 to peer 0x560e253dac00 (10 bytes)
1691661761.452311 sending message 105 to peer 0x560e253dac00 (65 bytes)
1691661761.452313 sending message 105 to peer 0x560e253dac00 (31 bytes)
1691661761.452315 sending message 105 to peer 0x560e253dac00 (23 bytes)
1691661761.452317 sending message 105 to peer 0x560e253dac00 (19 bytes)
1691661761.452319 sending message 105 to peer 0x560e253dac00 (21 bytes)
1691661761.452321 sending message 105 to peer 0x560e253dac00 (16 bytes)
1691661761.452327 sending message 105 to peer 0x560e253dac00 (11 bytes)
1691661761.452329 sending message 105 to peer 0x560e253dac00 (7 bytes)
1691661761.452331 sending message 105 to peer 0x560e253dac00 (25 bytes)
1691661761.452333 sending message 105 to peer 0x560e253dac00 (21 bytes)
1691661761.452335 sending message 105 to peer 0x560e253dac00 (10 bytes)
1691661761.452337 sending message 105 to peer 0x560e253dac00 (115 bytes)
1691661761.452339 sending message 106 to peer 0x560e253dac00 (0 bytes)
1691661761.452341 sending message 200 to peer 0x560e253dac00 (4 bytes)
1691661761.452343 client loop enter
1691661761.452571 peer 0x560e253dac00 message 211
1691661761.452577 client_write: sessions should be nested with care, unset $TMUX to force\n
1691661761.452584 peer 0x560e253dac00 message 203
1691661761.452588 client loop exit
